<?xml version="1.0" encoding="UTF-8"?>
<testng-results ignored="0" total="3" passed="3" failed="0" skipped="0">
  <reporter-output>
  </reporter-output>
  <suite started-at="2023-12-20T09:54:29 IST" name="Default suite" finished-at="2023-12-20T09:54:49 IST" duration-ms="19826">
    <groups>
    </groups>
    <test started-at="2023-12-20T09:54:29 IST" name="Default test" finished-at="2023-12-20T09:54:49 IST" duration-ms="19826">
      <class name="WorkingWithTestNg.DataProviderAnnotation">
        <test-method signature="testCaseLogin(java.lang.String,java.lang.String)[pri:0, instance:WorkingWithTestNg.DataProviderAnnotation@bd4dc25]" started-at="2023-12-20T09:54:29 IST" name="testCaseLogin" data-provider="data" finished-at="2023-12-20T09:54:37 IST" duration-ms="7378" status="PASS">
          <params>
            <param index="0">
              <value>
                <![CDATA[mymail001.gmail.com]]>
              </value>
            </param>
            <param index="1">
              <value>
                <![CDATA[password]]>
              </value>
            </param>
          </params>
          <reporter-output>
          </reporter-output>
        </test-method> <!-- testCaseLogin -->
        <test-method signature="testCaseLogin(java.lang.String,java.lang.String)[pri:0, instance:WorkingWithTestNg.DataProviderAnnotation@bd4dc25]" started-at="2023-12-20T09:54:37 IST" name="testCaseLogin" data-provider="data" finished-at="2023-12-20T09:54:43 IST" duration-ms="5963" status="PASS">
          <params>
            <param index="0">
              <value>
                <![CDATA[mymail002.gmail.com]]>
              </value>
            </param>
            <param index="1">
              <value>
                <![CDATA[password]]>
              </value>
            </param>
          </params>
          <reporter-output>
          </reporter-output>
        </test-method> <!-- testCaseLogin -->
        <test-method signature="testCaseLogin(java.lang.String,java.lang.String)[pri:0, instance:WorkingWithTestNg.DataProviderAnnotation@bd4dc25]" started-at="2023-12-20T09:54:43 IST" name="testCaseLogin" data-provider="data" finished-at="2023-12-20T09:54:49 IST" duration-ms="6433" status="PASS">
          <params>
            <param index="0">
              <value>
                <![CDATA[mymail003.gmail.com]]>
              </value>
            </param>
            <param index="1">
              <value>
                <![CDATA[password]]>
              </value>
            </param>
          </params>
          <reporter-output>
          </reporter-output>
        </test-method> <!-- testCaseLogin -->
      </class> <!-- WorkingWithTestNg.DataProviderAnnotation -->
    </test> <!-- Default test -->
  </suite> <!-- Default suite -->
</testng-results>
