<?xml version="1.0" encoding="UTF-8"?>
<!-- Generated by org.testng.reporters.JUnitXMLReporter -->
<testsuite ignored="0" hostname="DESKTOP-DNLPQGU" failures="0" tests="3" name="Default test" time="19.826" errors="0" timestamp="2023-12-20T09:54:49 IST">
  <testcase classname="WorkingWithTestNg.DataProviderAnnotation" name="testCaseLogin" time="7.378"/>
  <testcase classname="WorkingWithTestNg.DataProviderAnnotation" name="testCaseLogin" time="5.963"/>
  <testcase classname="WorkingWithTestNg.DataProviderAnnotation" name="testCaseLogin" time="6.433"/>
</testsuite> <!-- Default test -->
